//-------------------------- 10/22/2020 -- 21:16:50 -----
System & Processor Information:
   OSX Version: Version 10.15.6 (Build 19G2021)
   Mac OS Kernel name: Darwin
   Mac OS Kernel version: 19.6.0
   Physical memory installed: 32768 MB
   Addressable user memory: 1503 MB
   Installed processor ID: Family 0x0f817246  Type 7  Subtype 8
   Installed processor clock frequency: 2300 MHz
   Installed/available processor cores: 16
   Unknown Processor (family, type, subtype): 0xf817246^7  8
Unknown Processor, assuming x86 Compatible, 2.30 GHz
   MMX detected
   SSE detected
   SSE2 detected
   SSE3 detected
   SSE4.1 detected
   SSE4.2 detected

Math Init:
   Installing Standard C extensions
   Installing SSE extensions
 
Video Init:
   Accelerated OpenGL display device detected.

Compile all!
--------- Loading MODS ---------
Compiling starter.fps/main.cs...
creating path starter.fps/main.cs.dso
Loading compiled script starter.fps/main.cs.
Compiling common/main.cs...
creating path common/main.cs.dso
Loading compiled script common/main.cs.
Missing file: common/defaults.cs!
Compiling starter.fps/client/defaults.cs...
creating path starter.fps/client/defaults.cs.dso
Loading compiled script starter.fps/client/defaults.cs.
Compiling starter.fps/server/defaults.cs...
creating path starter.fps/server/defaults.cs.dso
Loading compiled script starter.fps/server/defaults.cs.
Missing file: starter.fps/client/prefs.cs!
Missing file: starter.fps/server/prefs.cs!
Compiling starter.web/main.cs...
creating path starter.web/main.cs.dso
Loading compiled script starter.web/main.cs.
Loading compiled script common/main.cs.
Missing file: common/defaults.cs!
Compiling starter.web/client/defaults.cs...
creating path starter.web/client/defaults.cs.dso
Loading compiled script starter.web/client/defaults.cs.
Compiling starter.web/server/defaults.cs...
creating path starter.web/server/defaults.cs.dso
Loading compiled script starter.web/server/defaults.cs.
Compiling starter.web/client/prefs.cs...
creating path starter.web/client/prefs.cs.dso
Loading compiled script starter.web/client/prefs.cs.
Missing file: starter.web/server/prefs.cs!

--------- Parsing Arguments ---------
Console Input Thread Started
common/editor/TerrainEditorVSettingsGui.gui
Compiling common/editor/TerrainEditorVSettingsGui.gui...
creating path common/editor/TerrainEditorVSettingsGui.gui.dso
common/editor/EditorGui.gui
Compiling common/editor/EditorGui.gui...
creating path common/editor/EditorGui.gui.dso
common/editor/AIEWorkingDlg.gui
Compiling common/editor/AIEWorkingDlg.gui...
creating path common/editor/AIEWorkingDlg.gui.dso
common/editor/AIEditorGui.gui
Compiling common/editor/AIEditorGui.gui...
creating path common/editor/AIEditorGui.gui.dso
common/editor/objectBuilderGui.gui
Compiling common/editor/objectBuilderGui.gui...
creating path common/editor/objectBuilderGui.gui.dso
common/editor/WorldEditorSettingsDlg.gui
Compiling common/editor/WorldEditorSettingsDlg.gui...
creating path common/editor/WorldEditorSettingsDlg.gui.dso
common/editor/AIEditorToolBar.gui
Compiling common/editor/AIEditorToolBar.gui...
creating path common/editor/AIEditorToolBar.gui.dso
common/editor/AIEButtonBarDlg.gui
Compiling common/editor/AIEButtonBarDlg.gui...
creating path common/editor/AIEButtonBarDlg.gui.dso
common/editor/AIEFrameSetDlg.gui
Compiling common/editor/AIEFrameSetDlg.gui...
creating path common/editor/AIEFrameSetDlg.gui.dso
common/debugger/DebuggerBreakConditionDlg.gui
Compiling common/debugger/DebuggerBreakConditionDlg.gui...
creating path common/debugger/DebuggerBreakConditionDlg.gui.dso
common/debugger/DebuggerWatchDlg.gui
Compiling common/debugger/DebuggerWatchDlg.gui...
creating path common/debugger/DebuggerWatchDlg.gui.dso
common/debugger/DebuggerFindDlg.gui
Compiling common/debugger/DebuggerFindDlg.gui...
creating path common/debugger/DebuggerFindDlg.gui.dso
common/debugger/DebuggerConnectDlg.gui
Compiling common/debugger/DebuggerConnectDlg.gui...
creating path common/debugger/DebuggerConnectDlg.gui.dso
common/debugger/DebuggerGui.gui
Compiling common/debugger/DebuggerGui.gui...
creating path common/debugger/DebuggerGui.gui.dso
common/debugger/DebuggerEditWatchDlg.gui
Compiling common/debugger/DebuggerEditWatchDlg.gui...
creating path common/debugger/DebuggerEditWatchDlg.gui.dso
common/ui/MessageBoxOKCancelDlg.gui
Compiling common/ui/MessageBoxOKCancelDlg.gui...
creating path common/ui/MessageBoxOKCancelDlg.gui.dso
common/ui/ConsoleDlg.gui
Compiling common/ui/ConsoleDlg.gui...
creating path common/ui/ConsoleDlg.gui.dso
common/ui/MessageBoxOkDlg.gui
Compiling common/ui/MessageBoxOkDlg.gui...
creating path common/ui/MessageBoxOkDlg.gui.dso
common/ui/MessagePopupDlg.gui
Compiling common/ui/MessagePopupDlg.gui...
creating path common/ui/MessagePopupDlg.gui.dso
common/ui/InspectAddFieldDlg.gui
Compiling common/ui/InspectAddFieldDlg.gui...
creating path common/ui/InspectAddFieldDlg.gui.dso
common/ui/SaveFileDlg.gui
Compiling common/ui/SaveFileDlg.gui...
creating path common/ui/SaveFileDlg.gui.dso
common/ui/LoadFileDlg.gui
Compiling common/ui/LoadFileDlg.gui...
creating path common/ui/LoadFileDlg.gui.dso
common/ui/GuiEditorGui.gui
Compiling common/ui/GuiEditorGui.gui...
creating path common/ui/GuiEditorGui.gui.dso
common/ui/FrameOverlayGui.gui
Compiling common/ui/FrameOverlayGui.gui...
creating path common/ui/FrameOverlayGui.gui.dso
common/ui/InspectDlg.gui
Compiling common/ui/InspectDlg.gui...
creating path common/ui/InspectDlg.gui.dso
common/ui/MessageBoxYesNoDlg.gui
Compiling common/ui/MessageBoxYesNoDlg.gui...
creating path common/ui/MessageBoxYesNoDlg.gui.dso
common/ui/HelpDlg.gui
Compiling common/ui/HelpDlg.gui...
creating path common/ui/HelpDlg.gui.dso
common/ui/RecordingsDlg.gui
Compiling common/ui/RecordingsDlg.gui...
creating path common/ui/RecordingsDlg.gui.dso
starter.fps/client/ui/optionsDlg.gui
Compiling starter.fps/client/ui/optionsDlg.gui...
creating path starter.fps/client/ui/optionsDlg.gui.dso
starter.fps/client/ui/StartupGui.gui
Compiling starter.fps/client/ui/StartupGui.gui...
creating path starter.fps/client/ui/StartupGui.gui.dso
starter.fps/client/ui/aboutDlg.gui
Compiling starter.fps/client/ui/aboutDlg.gui...
creating path starter.fps/client/ui/aboutDlg.gui.dso
starter.fps/client/ui/playerList.gui
Compiling starter.fps/client/ui/playerList.gui...
creating path starter.fps/client/ui/playerList.gui.dso
starter.fps/client/ui/startMissionGui.gui
Compiling starter.fps/client/ui/startMissionGui.gui...
creating path starter.fps/client/ui/startMissionGui.gui.dso
starter.fps/client/ui/joinServerGui.gui
Compiling starter.fps/client/ui/joinServerGui.gui...
creating path starter.fps/client/ui/joinServerGui.gui.dso
starter.fps/client/ui/chatHud.gui
Compiling starter.fps/client/ui/chatHud.gui...
creating path starter.fps/client/ui/chatHud.gui.dso
starter.fps/client/ui/loadingGui.gui
Compiling starter.fps/client/ui/loadingGui.gui...
creating path starter.fps/client/ui/loadingGui.gui.dso
starter.fps/client/ui/remapDlg.gui
Compiling starter.fps/client/ui/remapDlg.gui...
creating path starter.fps/client/ui/remapDlg.gui.dso
starter.fps/client/ui/mainMenuGui.gui
Compiling starter.fps/client/ui/mainMenuGui.gui...
creating path starter.fps/client/ui/mainMenuGui.gui.dso
starter.fps/client/ui/endGameGui.gui
Compiling starter.fps/client/ui/endGameGui.gui...
creating path starter.fps/client/ui/endGameGui.gui.dso
starter.fps/client/ui/playGui.gui
Compiling starter.fps/client/ui/playGui.gui...
creating path starter.fps/client/ui/playGui.gui.dso
common/editor/editorRender.cs
Compiling common/editor/editorRender.cs...
creating path common/editor/editorRender.cs.dso
common/editor/editor.cs
Compiling common/editor/editor.cs...
creating path common/editor/editor.cs.dso
common/editor/editor.bind.cs
Compiling common/editor/editor.bind.cs...
creating path common/editor/editor.bind.cs.dso
common/editor/cursors.cs
Compiling common/editor/cursors.cs...
creating path common/editor/cursors.cs.dso
common/editor/EditorGui.cs
Compiling common/editor/EditorGui.cs...
creating path common/editor/EditorGui.cs.dso
common/client/mission.cs
Compiling common/client/mission.cs...
creating path common/client/mission.cs.dso
common/client/canvas.cs
Compiling common/client/canvas.cs...
creating path common/client/canvas.cs.dso
common/client/cursor.cs
Compiling common/client/cursor.cs...
creating path common/client/cursor.cs.dso
common/client/help.cs
Compiling common/client/help.cs...
creating path common/client/help.cs.dso
common/client/screenshot.cs
Compiling common/client/screenshot.cs...
creating path common/client/screenshot.cs.dso
common/client/audio.cs
Compiling common/client/audio.cs...
creating path common/client/audio.cs.dso
common/client/messageBox.cs
Compiling common/client/messageBox.cs...
creating path common/client/messageBox.cs.dso
common/client/missionDownload.cs
Compiling common/client/missionDownload.cs...
creating path common/client/missionDownload.cs.dso
common/client/metrics.cs
Compiling common/client/metrics.cs...
creating path common/client/metrics.cs.dso
common/client/recordings.cs
Compiling common/client/recordings.cs...
creating path common/client/recordings.cs.dso
common/client/actionMap.cs
Compiling common/client/actionMap.cs...
creating path common/client/actionMap.cs.dso
common/client/scriptDoc.cs
Compiling common/client/scriptDoc.cs...
creating path common/client/scriptDoc.cs.dso
common/client/message.cs
Compiling common/client/message.cs...
creating path common/client/message.cs.dso
common/debugger/debugger.cs
Compiling common/debugger/debugger.cs...
creating path common/debugger/debugger.cs.dso
common/main.cs
Compiling common/main.cs...
common/server/missionLoad.cs
Compiling common/server/missionLoad.cs...
creating path common/server/missionLoad.cs.dso
common/server/missionInfo.cs
Compiling common/server/missionInfo.cs...
creating path common/server/missionInfo.cs.dso
common/server/commands.cs
Compiling common/server/commands.cs...
creating path common/server/commands.cs.dso
common/server/audio.cs
Compiling common/server/audio.cs...
creating path common/server/audio.cs.dso
common/server/missionDownload.cs
Compiling common/server/missionDownload.cs...
creating path common/server/missionDownload.cs.dso
common/server/server.cs
Compiling common/server/server.cs...
creating path common/server/server.cs.dso
common/server/kickban.cs
Compiling common/server/kickban.cs...
creating path common/server/kickban.cs.dso
common/server/message.cs
Compiling common/server/message.cs...
creating path common/server/message.cs.dso
common/server/clientConnection.cs
Compiling common/server/clientConnection.cs...
creating path common/server/clientConnection.cs.dso
common/server/game.cs
Compiling common/server/game.cs...
creating path common/server/game.cs.dso
common/ui/defaultProfiles.cs
Compiling common/ui/defaultProfiles.cs...
creating path common/ui/defaultProfiles.cs.dso
starter.fps/client/defaults.cs
Compiling starter.fps/client/defaults.cs...
starter.fps/client/scripts/client/config.cs
Compiling starter.fps/client/scripts/client/config.cs...
creating path starter.fps/client/scripts/client/config.cs.dso
starter.fps/client/scripts/centerPrint.cs
Compiling starter.fps/client/scripts/centerPrint.cs...
creating path starter.fps/client/scripts/centerPrint.cs.dso
starter.fps/client/scripts/playGui.cs
Compiling starter.fps/client/scripts/playGui.cs...
creating path starter.fps/client/scripts/playGui.cs.dso
starter.fps/client/scripts/messageHud.cs
Compiling starter.fps/client/scripts/messageHud.cs...
creating path starter.fps/client/scripts/messageHud.cs.dso
starter.fps/client/scripts/playerList.cs
Compiling starter.fps/client/scripts/playerList.cs...
creating path starter.fps/client/scripts/playerList.cs.dso
starter.fps/client/scripts/chatHud.cs
Compiling starter.fps/client/scripts/chatHud.cs...
creating path starter.fps/client/scripts/chatHud.cs.dso
starter.fps/client/scripts/optionsDlg.cs
Compiling starter.fps/client/scripts/optionsDlg.cs...
creating path starter.fps/client/scripts/optionsDlg.cs.dso
starter.fps/client/scripts/loadingGui.cs
Compiling starter.fps/client/scripts/loadingGui.cs...
creating path starter.fps/client/scripts/loadingGui.cs.dso
starter.fps/client/scripts/missionDownload.cs
Compiling starter.fps/client/scripts/missionDownload.cs...
creating path starter.fps/client/scripts/missionDownload.cs.dso
starter.fps/client/scripts/audioProfiles.cs
Compiling starter.fps/client/scripts/audioProfiles.cs...
creating path starter.fps/client/scripts/audioProfiles.cs.dso
starter.fps/client/scripts/default.bind.cs
Compiling starter.fps/client/scripts/default.bind.cs...
creating path starter.fps/client/scripts/default.bind.cs.dso
starter.fps/client/scripts/client.cs
Compiling starter.fps/client/scripts/client.cs...
creating path starter.fps/client/scripts/client.cs.dso
starter.fps/client/scripts/serverConnection.cs
Compiling starter.fps/client/scripts/serverConnection.cs...
creating path starter.fps/client/scripts/serverConnection.cs.dso
starter.fps/client/scripts/game.cs
Compiling starter.fps/client/scripts/game.cs...
creating path starter.fps/client/scripts/game.cs.dso
starter.fps/client/init.cs
Compiling starter.fps/client/init.cs...
creating path starter.fps/client/init.cs.dso
starter.fps/client/ui/customProfiles.cs
Compiling starter.fps/client/ui/customProfiles.cs...
creating path starter.fps/client/ui/customProfiles.cs.dso
starter.fps/client/ui/defaultGameProfiles.cs
Compiling starter.fps/client/ui/defaultGameProfiles.cs...
creating path starter.fps/client/ui/defaultGameProfiles.cs.dso
starter.fps/data/init.cs
Compiling starter.fps/data/init.cs...
creating path starter.fps/data/init.cs.dso
starter.fps/data/shapes/player/player.cs
Compiling starter.fps/data/shapes/player/player.cs...
creating path starter.fps/data/shapes/player/player.cs.dso
starter.fps/data/terrains/grassland/propertyMap.cs
Compiling starter.fps/data/terrains/grassland/propertyMap.cs...
creating path starter.fps/data/terrains/grassland/propertyMap.cs.dso
starter.fps/main.cs
Compiling starter.fps/main.cs...
starter.fps/server/defaults.cs
Compiling starter.fps/server/defaults.cs...
starter.fps/server/banlist.cs
exec: invalid script file starter.fps/server/banlist.cs.
starter.fps/server/scripts/markers.cs
Compiling starter.fps/server/scripts/markers.cs...
creating path starter.fps/server/scripts/markers.cs.dso
starter.fps/server/scripts/centerPrint.cs
Compiling starter.fps/server/scripts/centerPrint.cs...
creating path starter.fps/server/scripts/centerPrint.cs.dso
starter.fps/server/scripts/player.cs
Compiling starter.fps/server/scripts/player.cs...
creating path starter.fps/server/scripts/player.cs.dso
starter.fps/server/scripts/camera.cs
Compiling starter.fps/server/scripts/camera.cs...
creating path starter.fps/server/scripts/camera.cs.dso
starter.fps/server/scripts/weapon.cs
Compiling starter.fps/server/scripts/weapon.cs...
creating path starter.fps/server/scripts/weapon.cs.dso
starter.fps/server/scripts/radiusDamage.cs
Compiling starter.fps/server/scripts/radiusDamage.cs...
creating path starter.fps/server/scripts/radiusDamage.cs.dso
starter.fps/server/scripts/inventory.cs
Compiling starter.fps/server/scripts/inventory.cs...
creating path starter.fps/server/scripts/inventory.cs.dso
starter.fps/server/scripts/item.cs
Compiling starter.fps/server/scripts/item.cs...
creating path starter.fps/server/scripts/item.cs.dso
starter.fps/server/scripts/commands.cs
Compiling starter.fps/server/scripts/commands.cs...
creating path starter.fps/server/scripts/commands.cs.dso
starter.fps/server/scripts/staticShape.cs
Compiling starter.fps/server/scripts/staticShape.cs...
creating path starter.fps/server/scripts/staticShape.cs.dso
starter.fps/server/scripts/triggers.cs
Compiling starter.fps/server/scripts/triggers.cs...
creating path starter.fps/server/scripts/triggers.cs.dso
starter.fps/server/scripts/crossbow.cs
Compiling starter.fps/server/scripts/crossbow.cs...
creating path starter.fps/server/scripts/crossbow.cs.dso
starter.fps/server/scripts/audioProfiles.cs
Compiling starter.fps/server/scripts/audioProfiles.cs...
creating path starter.fps/server/scripts/audioProfiles.cs.dso
starter.fps/server/scripts/shapeBase.cs
Compiling starter.fps/server/scripts/shapeBase.cs...
creating path starter.fps/server/scripts/shapeBase.cs.dso
starter.fps/server/scripts/chimneyfire.cs
Compiling starter.fps/server/scripts/chimneyfire.cs...
creating path starter.fps/server/scripts/chimneyfire.cs.dso
starter.fps/server/scripts/aiPlayer.cs
Compiling starter.fps/server/scripts/aiPlayer.cs...
creating path starter.fps/server/scripts/aiPlayer.cs.dso
starter.fps/server/scripts/health.cs
Compiling starter.fps/server/scripts/health.cs...
creating path starter.fps/server/scripts/health.cs.dso
starter.fps/server/scripts/game.cs
Compiling starter.fps/server/scripts/game.cs...
creating path starter.fps/server/scripts/game.cs.dso
starter.fps/server/init.cs
Compiling starter.fps/server/init.cs...
creating path starter.fps/server/init.cs.dso
starter.web/http.cs
Compiling starter.web/http.cs...
creating path starter.web/http.cs.dso
starter.web/http.cs (153): break outside of loop... ignoring.
starter.web/http.cs (164): break outside of loop... ignoring.
starter.web/client/defaults.cs
Compiling starter.web/client/defaults.cs...
starter.web/client/prefs.cs
Compiling starter.web/client/prefs.cs...
starter.web/public/index.cs
Compiling starter.web/public/index.cs...
creating path starter.web/public/index.cs.dso
starter.web/public/flag.cs
Compiling starter.web/public/flag.cs...
creating path starter.web/public/flag.cs.dso
starter.web/main.cs
Compiling starter.web/main.cs...
starter.web/server/defaults.cs
Compiling starter.web/server/defaults.cs...
